2025-03-08 23:01:06,328 - scrape - INFO - Scraping website: youtube.com
2025-03-08 23:01:06,331 - scrape - ERROR - An error occurred while scraping: 
2025-03-08 23:01:06,427 - asyncio - ERROR - Future exception was never retrieved
future: <Future finished exception=NotImplementedError()>
Traceback (most recent call last):
  File "D:\AI models\webscrapper 3.0\WebScraper3.0\src\scrape.py", line 41, in scrape_website
    with sync_playwright() as p:
  File "d:\AI models\webscrapper 3.0\.venv\lib\site-packages\playwright\sync_api\_context_manager.py", line 77, in __enter__
    dispatcher_fiber.switch()
  File "d:\AI models\webscrapper 3.0\.venv\lib\site-packages\playwright\sync_api\_context_manager.py", line 56, in greenlet_main
    self._loop.run_until_complete(self._connection.run_as_sync())
  File "C:\Users\harsh\AppData\Local\Programs\Python\Python310\lib\asyncio\base_events.py", line 641, in run_until_complete
    return future.result()
  File "d:\AI models\webscrapper 3.0\.venv\lib\site-packages\playwright\_impl\_connection.py", line 270, in run_as_sync
    await self.run()
  File "d:\AI models\webscrapper 3.0\.venv\lib\site-packages\playwright\_impl\_connection.py", line 279, in run
    await self._transport.connect()
  File "d:\AI models\webscrapper 3.0\.venv\lib\site-packages\playwright\_impl\_transport.py", line 133, in connect
    raise exc
  File "d:\AI models\webscrapper 3.0\.venv\lib\site-packages\playwright\_impl\_transport.py", line 120, in connect
    self._proc = await asyncio.create_subprocess_exec(
  File "C:\Users\harsh\AppData\Local\Programs\Python\Python310\lib\asyncio\subprocess.py", line 218, in create_subprocess_exec
    transport, protocol = await loop.subprocess_exec(
  File "C:\Users\harsh\AppData\Local\Programs\Python\Python310\lib\asyncio\base_events.py", line 1652, in subprocess_exec
    transport = await self._make_subprocess_transport(
  File "C:\Users\harsh\AppData\Local\Programs\Python\Python310\lib\asyncio\base_events.py", line 493, in _make_subprocess_transport
    raise NotImplementedError
NotImplementedError
2025-03-08 23:01:13,958 - scrape - INFO - Scraping website: https://youtube.com
2025-03-08 23:01:13,967 - scrape - ERROR - An error occurred while scraping: 
2025-03-08 23:01:14,085 - asyncio - ERROR - Future exception was never retrieved
future: <Future finished exception=NotImplementedError()>
Traceback (most recent call last):
  File "D:\AI models\webscrapper 3.0\WebScraper3.0\src\scrape.py", line 41, in scrape_website
    with sync_playwright() as p:
  File "d:\AI models\webscrapper 3.0\.venv\lib\site-packages\playwright\sync_api\_context_manager.py", line 77, in __enter__
    dispatcher_fiber.switch()
  File "d:\AI models\webscrapper 3.0\.venv\lib\site-packages\playwright\sync_api\_context_manager.py", line 56, in greenlet_main
    self._loop.run_until_complete(self._connection.run_as_sync())
  File "C:\Users\harsh\AppData\Local\Programs\Python\Python310\lib\asyncio\base_events.py", line 641, in run_until_complete
    return future.result()
  File "d:\AI models\webscrapper 3.0\.venv\lib\site-packages\playwright\_impl\_connection.py", line 270, in run_as_sync
    await self.run()
  File "d:\AI models\webscrapper 3.0\.venv\lib\site-packages\playwright\_impl\_connection.py", line 279, in run
    await self._transport.connect()
  File "d:\AI models\webscrapper 3.0\.venv\lib\site-packages\playwright\_impl\_transport.py", line 133, in connect
    raise exc
  File "d:\AI models\webscrapper 3.0\.venv\lib\site-packages\playwright\_impl\_transport.py", line 120, in connect
    self._proc = await asyncio.create_subprocess_exec(
  File "C:\Users\harsh\AppData\Local\Programs\Python\Python310\lib\asyncio\subprocess.py", line 218, in create_subprocess_exec
    transport, protocol = await loop.subprocess_exec(
  File "C:\Users\harsh\AppData\Local\Programs\Python\Python310\lib\asyncio\base_events.py", line 1652, in subprocess_exec
    transport = await self._make_subprocess_transport(
  File "C:\Users\harsh\AppData\Local\Programs\Python\Python310\lib\asyncio\base_events.py", line 493, in _make_subprocess_transport
    raise NotImplementedError
NotImplementedError
2025-03-08 23:01:15,840 - scrape - INFO - Scraping website: https://youtube.com
2025-03-08 23:01:15,842 - scrape - ERROR - An error occurred while scraping: 
2025-03-08 23:01:15,951 - asyncio - ERROR - Future exception was never retrieved
future: <Future finished exception=NotImplementedError()>
Traceback (most recent call last):
  File "D:\AI models\webscrapper 3.0\WebScraper3.0\src\scrape.py", line 41, in scrape_website
    with sync_playwright() as p:
  File "d:\AI models\webscrapper 3.0\.venv\lib\site-packages\playwright\sync_api\_context_manager.py", line 77, in __enter__
    dispatcher_fiber.switch()
  File "d:\AI models\webscrapper 3.0\.venv\lib\site-packages\playwright\sync_api\_context_manager.py", line 56, in greenlet_main
    self._loop.run_until_complete(self._connection.run_as_sync())
  File "C:\Users\harsh\AppData\Local\Programs\Python\Python310\lib\asyncio\base_events.py", line 641, in run_until_complete
    return future.result()
  File "d:\AI models\webscrapper 3.0\.venv\lib\site-packages\playwright\_impl\_connection.py", line 270, in run_as_sync
    await self.run()
  File "d:\AI models\webscrapper 3.0\.venv\lib\site-packages\playwright\_impl\_connection.py", line 279, in run
    await self._transport.connect()
  File "d:\AI models\webscrapper 3.0\.venv\lib\site-packages\playwright\_impl\_transport.py", line 133, in connect
    raise exc
  File "d:\AI models\webscrapper 3.0\.venv\lib\site-packages\playwright\_impl\_transport.py", line 120, in connect
    self._proc = await asyncio.create_subprocess_exec(
  File "C:\Users\harsh\AppData\Local\Programs\Python\Python310\lib\asyncio\subprocess.py", line 218, in create_subprocess_exec
    transport, protocol = await loop.subprocess_exec(
  File "C:\Users\harsh\AppData\Local\Programs\Python\Python310\lib\asyncio\base_events.py", line 1652, in subprocess_exec
    transport = await self._make_subprocess_transport(
  File "C:\Users\harsh\AppData\Local\Programs\Python\Python310\lib\asyncio\base_events.py", line 493, in _make_subprocess_transport
    raise NotImplementedError
NotImplementedError
2025-03-08 23:01:25,439 - scrape - ERROR - Error during Google search: 429 Client Error: Too Many Requests for url: https://www.google.com/sorry/index?continue=https://www.google.com/search%3Fq%3Dcybersecurity%2B%26num%3D12%26hl%3Den%26start%3D0%26safe%3Dactive&hl=en&q=EgQt-KA-GOn9sb4GIjAA2A6nq5NwCznt6v0WtFKjxQJ_CVZoCl9VVVPnnlV3rbdNCdKqL-PhVVk8eLcRtioyAXJaAUM
2025-03-08 23:01:37,793 - httpx - INFO - HTTP Request: POST https://api.cohere.com/v1/chat "HTTP/1.1 200 OK"
